2015-07-11 22:53:43.477  INFO 3688 --- [main] me.yonatan.bitscape.BitscapeApplication  : Starting BitscapeApplication on Yonatans-MacBook-Pro.local with PID 3688 (/Users/yonatan/PrivateGithub/Bitscape/target/classes started by yonatan in /Users/yonatan/PrivateGithub/Bitscape)
2015-07-11 22:53:43.481 DEBUG 3688 --- [main] me.yonatan.bitscape.BitscapeApplication  : Running with Spring Boot v1.2.5.RELEASE, Spring v4.1.7.RELEASE
2015-07-11 22:53:43.530  INFO 3688 --- [main] s.c.a.AnnotationConfigApplicationContext : Refreshing org.springframework.context.annotation.AnnotationConfigApplicationContext@75881071: startup date [Sat Jul 11 22:53:43 IDT 2015]; root of context hierarchy
2015-07-11 22:53:45.107  WARN 3688 --- [main] o.s.c.a.ConfigurationClassEnhancer       : @Bean method ScopeConfiguration.stepScope is non-static and returns an object assignable to Spring's BeanFactoryPostProcessor interface. This will result in a failure to process annotations such as @Autowired, @Resource and @PostConstruct within the method's declaring @Configuration class. Add the 'static' modifier to this method to avoid these container lifecycle issues; see @Bean javadoc for complete details.
2015-07-11 22:53:45.120  WARN 3688 --- [main] o.s.c.a.ConfigurationClassEnhancer       : @Bean method ScopeConfiguration.jobScope is non-static and returns an object assignable to Spring's BeanFactoryPostProcessor interface. This will result in a failure to process annotations such as @Autowired, @Resource and @PostConstruct within the method's declaring @Configuration class. Add the 'static' modifier to this method to avoid these container lifecycle issues; see @Bean javadoc for complete details.
2015-07-11 22:53:45.182  INFO 3688 --- [main] trationDelegate$BeanPostProcessorChecker : Bean 'asyncConfig' of type [class me.yonatan.bitscape.config.AsyncConfig$$EnhancerBySpringCGLIB$$c09b2770] is not eligible for getting processed by all BeanPostProcessors (for example: not eligible for auto-proxying)
2015-07-11 22:53:45.202  INFO 3688 --- [main] trationDelegate$BeanPostProcessorChecker : Bean 'getAsyncExecutor' of type [class org.springframework.core.task.SimpleAsyncTaskExecutor] is not eligible for getting processed by all BeanPostProcessors (for example: not eligible for auto-proxying)
2015-07-11 22:53:45.204  INFO 3688 --- [main] trationDelegate$BeanPostProcessorChecker : Bean 'org.springframework.scheduling.annotation.ProxyAsyncConfiguration' of type [class org.springframework.scheduling.annotation.ProxyAsyncConfiguration$$EnhancerBySpringCGLIB$$add07731] is not eligible for getting processed by all BeanPostProcessors (for example: not eligible for auto-proxying)
2015-07-11 22:53:45.354  INFO 3688 --- [main] o.s.j.d.e.EmbeddedDatabaseFactory        : Creating embedded database 'testdb'
2015-07-11 22:53:46.482  INFO 3688 --- [main] o.s.jdbc.datasource.init.ScriptUtils     : Executing SQL script from class path resource [org/springframework/batch/core/schema-hsqldb.sql]
2015-07-11 22:53:46.520  INFO 3688 --- [main] o.s.jdbc.datasource.init.ScriptUtils     : Executed SQL script from class path resource [org/springframework/batch/core/schema-hsqldb.sql] in 36 ms.
2015-07-11 22:53:46.793  INFO 3688 --- [main] o.s.j.e.a.AnnotationMBeanExporter        : Registering beans for JMX exposure on startup
2015-07-11 22:54:21.495  INFO 3688 --- [Thread-1] s.c.a.AnnotationConfigApplicationContext : Closing org.springframework.context.annotation.AnnotationConfigApplicationContext@75881071: startup date [Sat Jul 11 22:53:43 IDT 2015]; root of context hierarchy
2015-07-11 22:54:21.501  INFO 3688 --- [Thread-1] o.s.j.e.a.AnnotationMBeanExporter        : Unregistering JMX-exposed beans on shutdown
2015-07-11 23:15:47.363  INFO 4119 --- [me.yonatan.bitscape.BitscapeApplication.main()] me.yonatan.bitscape.BitscapeApplication  : Starting BitscapeApplication on Yonatans-MacBook-Pro.local with PID 4119 (/Users/yonatan/PrivateGithub/Bitscape/target/classes started by yonatan in /Users/yonatan/PrivateGithub/Bitscape)
2015-07-11 23:15:47.366 DEBUG 4119 --- [me.yonatan.bitscape.BitscapeApplication.main()] me.yonatan.bitscape.BitscapeApplication  : Running with Spring Boot v1.2.5.RELEASE, Spring v4.1.7.RELEASE
2015-07-11 23:15:47.434  INFO 4119 --- [me.yonatan.bitscape.BitscapeApplication.main()] s.c.a.AnnotationConfigApplicationContext : Refreshing org.springframework.context.annotation.AnnotationConfigApplicationContext@40626a33: startup date [Sat Jul 11 23:15:47 IDT 2015]; root of context hierarchy
2015-07-11 23:15:48.249  WARN 4119 --- [me.yonatan.bitscape.BitscapeApplication.main()] o.s.c.a.ConfigurationClassEnhancer       : @Bean method ScopeConfiguration.stepScope is non-static and returns an object assignable to Spring's BeanFactoryPostProcessor interface. This will result in a failure to process annotations such as @Autowired, @Resource and @PostConstruct within the method's declaring @Configuration class. Add the 'static' modifier to this method to avoid these container lifecycle issues; see @Bean javadoc for complete details.
2015-07-11 23:15:48.267  WARN 4119 --- [me.yonatan.bitscape.BitscapeApplication.main()] o.s.c.a.ConfigurationClassEnhancer       : @Bean method ScopeConfiguration.jobScope is non-static and returns an object assignable to Spring's BeanFactoryPostProcessor interface. This will result in a failure to process annotations such as @Autowired, @Resource and @PostConstruct within the method's declaring @Configuration class. Add the 'static' modifier to this method to avoid these container lifecycle issues; see @Bean javadoc for complete details.
2015-07-11 23:15:48.343  INFO 4119 --- [me.yonatan.bitscape.BitscapeApplication.main()] trationDelegate$BeanPostProcessorChecker : Bean 'asyncConfig' of type [class me.yonatan.bitscape.config.AsyncConfig$$EnhancerBySpringCGLIB$$16e148e8] is not eligible for getting processed by all BeanPostProcessors (for example: not eligible for auto-proxying)
2015-07-11 23:15:48.375  INFO 4119 --- [me.yonatan.bitscape.BitscapeApplication.main()] trationDelegate$BeanPostProcessorChecker : Bean 'getAsyncExecutor' of type [class org.springframework.core.task.SimpleAsyncTaskExecutor] is not eligible for getting processed by all BeanPostProcessors (for example: not eligible for auto-proxying)
2015-07-11 23:15:48.376  INFO 4119 --- [me.yonatan.bitscape.BitscapeApplication.main()] trationDelegate$BeanPostProcessorChecker : Bean 'org.springframework.scheduling.annotation.ProxyAsyncConfiguration' of type [class org.springframework.scheduling.annotation.ProxyAsyncConfiguration$$EnhancerBySpringCGLIB$$41698a9] is not eligible for getting processed by all BeanPostProcessors (for example: not eligible for auto-proxying)
2015-07-11 23:15:48.599  INFO 4119 --- [me.yonatan.bitscape.BitscapeApplication.main()] o.s.j.d.e.EmbeddedDatabaseFactory        : Creating embedded database 'testdb'
2015-07-11 23:15:49.773  INFO 4119 --- [me.yonatan.bitscape.BitscapeApplication.main()] o.s.jdbc.datasource.init.ScriptUtils     : Executing SQL script from class path resource [org/springframework/batch/core/schema-hsqldb.sql]
2015-07-11 23:15:49.785  INFO 4119 --- [me.yonatan.bitscape.BitscapeApplication.main()] o.s.jdbc.datasource.init.ScriptUtils     : Executed SQL script from class path resource [org/springframework/batch/core/schema-hsqldb.sql] in 12 ms.
2015-07-11 23:15:49.954  INFO 4119 --- [me.yonatan.bitscape.BitscapeApplication.main()] o.s.j.e.a.AnnotationMBeanExporter        : Registering beans for JMX exposure on startup
2015-07-11 23:15:51.676  INFO 4119 --- [Thread-1] s.c.a.AnnotationConfigApplicationContext : Closing org.springframework.context.annotation.AnnotationConfigApplicationContext@40626a33: startup date [Sat Jul 11 23:15:47 IDT 2015]; root of context hierarchy
2015-07-11 23:15:51.683  INFO 4119 --- [Thread-1] o.s.j.e.a.AnnotationMBeanExporter        : Unregistering JMX-exposed beans on shutdown
